21:09:22 [main] INFO  com.revature.services.UserService - Created user: User [id=3, username=jdoe, password=mypass, firstName=John, lastName=Doe, email=jdoe@somedomain.com, role=Role [id=1, role=EMPLOYEE]]
21:09:22 [main] INFO  com.revature.services.UserService - Retrieved 2 users with role Role [id=1, role=EMPLOYEE]
21:09:22 [main] INFO  com.revature.services.UserService - Updated user: User [id=3, username=jdoe, password=mypass, firstName=John, lastName=Doe, email=jdoe@somedomain.com, role=Role [id=1, role=EMPLOYEE]]
21:09:22 [main] INFO  com.revature.services.UserService - Retrieved user: User [id=1, username=calpost, password=mypass, firstName=Calvin, lastName=Post, email=calvinhenry826@revature.net, role=Role [id=2, role=MANAGER]]
21:14:02 [main] INFO  com.revature.services.UserService - Created user: User [id=3, username=jdoe, password=mypass, firstName=John, lastName=Doe, email=jdoe@somedomain.com, role=Role [id=1, role=EMPLOYEE]]
21:14:02 [main] INFO  com.revature.services.UserService - Retrieved 2 users with role Role [id=1, role=EMPLOYEE]
21:14:02 [main] INFO  com.revature.services.UserService - Updated user: User [id=3, username=jdoe, password=mypass, firstName=John, lastName=Doe, email=jdoe@somedomain.com, role=Role [id=1, role=EMPLOYEE]]
21:14:02 [main] INFO  com.revature.services.UserService - Retrieved user: User [id=1, username=calpost, password=mypass, firstName=Calvin, lastName=Post, email=calvinhenry826@revature.net, role=Role [id=2, role=MANAGER]]
21:28:45 [main] INFO  com.revature.services.AuthService - User User [id=1, username=calpost, password=mypass, firstName=Calvin, lastName=Post, email=calvinhenry826@revature.net, role=Role [id=2, role=MANAGER]] logged in
21:28:45 [main] INFO  com.revature.services.AuthService - User User [id=1, username=calpost, password=mypass, firstName=Calvin, lastName=Post, email=calvinhenry826@revature.net, role=Role [id=2, role=MANAGER]] logged in
21:46:41 [main] INFO  com.revature.services.TypeService - Retrieved type: ReimbType [id=1, type=FOOD]
21:46:41 [main] INFO  com.revature.services.TypeService - Retrieved type: ReimbType [id=1, type=FOOD]
21:46:52 [main] INFO  com.revature.services.RoleService - Retrieved role: Role [id=1, role=EMPLOYEE]
21:46:52 [main] INFO  com.revature.services.RoleService - Retrieved role: Role [id=1, role=EMPLOYEE]
21:47:01 [main] INFO  com.revature.services.StatusService - Retrieved status: ReimbStatus [id=1, status=FOOD]
21:47:01 [main] INFO  com.revature.services.StatusService - Retrieved status: ReimbStatus [id=1, status=FOOD]
22:22:33 [main] INFO  com.revature.services.ReimbursementService - Retrieved reimbursement: Reimbursement [id=3, amount=10.95, submitted=null, resolved=null, description=Some description, receipt=null, author=null, resolver=null, reimbStatus=ReimbStatus [id=1, status=PENDING], reimbType=ReimbType [id=1, type=FOOD]]
22:22:33 [main] INFO  com.revature.services.ReimbursementService - Created new reimbursementReimbursement [id=3, amount=10.95, submitted=null, resolved=null, description=Some description, receipt=null, author=null, resolver=null, reimbStatus=ReimbStatus [id=1, status=PENDING], reimbType=ReimbType [id=1, type=FOOD]]
22:22:33 [main] INFO  com.revature.services.ReimbursementService - Updated reimbursement Reimbursement [id=3, amount=10.95, submitted=null, resolved=null, description=Some description, receipt=null, author=null, resolver=null, reimbStatus=ReimbStatus [id=1, status=PENDING], reimbType=ReimbType [id=1, type=FOOD]]
22:22:33 [main] INFO  com.revature.services.ReimbursementService - Retrived 2 reimbursements for author: User [id=3, username=jdoe, password=mypass, firstName=John, lastName=Doe, email=jdoe@somedomain.com, role=Role [id=1, role=EMPLOYEE]]
22:24:43 [main] INFO  com.revature.services.ReimbursementService - Retrieved reimbursement: Reimbursement [id=3, amount=10.95, submitted=null, resolved=null, description=Some description, receipt=null, author=null, resolver=null, reimbStatus=ReimbStatus [id=1, status=PENDING], reimbType=ReimbType [id=1, type=FOOD]]
22:24:43 [main] INFO  com.revature.services.ReimbursementService - Created new reimbursementReimbursement [id=3, amount=10.95, submitted=null, resolved=null, description=Some description, receipt=null, author=null, resolver=null, reimbStatus=ReimbStatus [id=1, status=PENDING], reimbType=ReimbType [id=1, type=FOOD]]
22:24:43 [main] INFO  com.revature.services.ReimbursementService - Updated reimbursement Reimbursement [id=3, amount=10.95, submitted=null, resolved=null, description=Some description, receipt=null, author=null, resolver=null, reimbStatus=ReimbStatus [id=1, status=PENDING], reimbType=ReimbType [id=1, type=FOOD]]
22:24:43 [main] INFO  com.revature.services.ReimbursementService - Retrived 2 reimbursements for author: User [id=3, username=jdoe, password=mypass, firstName=John, lastName=Doe, email=jdoe@somedomain.com, role=Role [id=1, role=EMPLOYEE]]
22:26:26 [main] INFO  com.revature.services.ReimbursementService - Retrieved reimbursement: Reimbursement [id=3, amount=10.95, submitted=null, resolved=null, description=Some description, receipt=null, author=null, resolver=null, reimbStatus=ReimbStatus [id=1, status=PENDING], reimbType=ReimbType [id=1, type=FOOD]]
22:26:26 [main] INFO  com.revature.services.ReimbursementService - Created new reimbursementReimbursement [id=3, amount=10.95, submitted=null, resolved=null, description=Some description, receipt=null, author=null, resolver=null, reimbStatus=ReimbStatus [id=1, status=PENDING], reimbType=ReimbType [id=1, type=FOOD]]
22:26:26 [main] INFO  com.revature.services.ReimbursementService - Updated reimbursement Reimbursement [id=3, amount=10.95, submitted=null, resolved=null, description=Some description, receipt=null, author=null, resolver=null, reimbStatus=ReimbStatus [id=1, status=PENDING], reimbType=ReimbType [id=1, type=FOOD]]
22:26:26 [main] INFO  com.revature.services.ReimbursementService - Retrived 2 reimbursements for author: User [id=3, username=jdoe, password=mypass, firstName=John, lastName=Doe, email=jdoe@somedomain.com, role=Role [id=1, role=EMPLOYEE]]
